<?xml version="1.0" encoding="UTF-8"?>
<testsuite xmlns:xsi="http://www.w3.org/2001/XMLSchema-instance" xsi:noNamespaceSchemaLocation="https://maven.apache.org/surefire/maven-surefire-plugin/xsd/surefire-test-report.xsd" name="com.lab1.ControllerTest" time="3.224" tests="1" errors="1" skipped="0" failures="0">
  <properties>
    <property name="java.specification.version" value="17"/>
    <property name="sun.jnu.encoding" value="UTF-8"/>
    <property name="java.class.path" value="/home/igor/Documents/GitHub/Technologia_Progreamowania-Warcaby/server/target/test-classes:/home/igor/Documents/GitHub/Technologia_Progreamowania-Warcaby/server/target/classes:/home/igor/.m2/repository/org/junit/jupiter/junit-jupiter/5.8.2/junit-jupiter-5.8.2.jar:/home/igor/.m2/repository/org/junit/jupiter/junit-jupiter-api/5.8.2/junit-jupiter-api-5.8.2.jar:/home/igor/.m2/repository/org/opentest4j/opentest4j/1.2.0/opentest4j-1.2.0.jar:/home/igor/.m2/repository/org/junit/platform/junit-platform-commons/1.8.2/junit-platform-commons-1.8.2.jar:/home/igor/.m2/repository/org/apiguardian/apiguardian-api/1.1.2/apiguardian-api-1.1.2.jar:/home/igor/.m2/repository/org/junit/jupiter/junit-jupiter-params/5.8.2/junit-jupiter-params-5.8.2.jar:/home/igor/.m2/repository/org/junit/jupiter/junit-jupiter-engine/5.8.2/junit-jupiter-engine-5.8.2.jar:/home/igor/.m2/repository/org/junit/platform/junit-platform-engine/1.8.2/junit-platform-engine-1.8.2.jar:/home/igor/.m2/repository/org/testfx/testfx-junit5/4.0.16-alpha/testfx-junit5-4.0.16-alpha.jar:/home/igor/.m2/repository/org/testfx/testfx-core/4.0.16-alpha/testfx-core-4.0.16-alpha.jar:/home/igor/.m2/repository/org/mockito/mockito-core/4.2.0/mockito-core-4.2.0.jar:/home/igor/.m2/repository/net/bytebuddy/byte-buddy/1.11.22/byte-buddy-1.11.22.jar:/home/igor/.m2/repository/net/bytebuddy/byte-buddy-agent/1.11.22/byte-buddy-agent-1.11.22.jar:/home/igor/.m2/repository/org/objenesis/objenesis/3.2/objenesis-3.2.jar:/home/igor/.m2/repository/junit/junit/4.12/junit-4.12.jar:/home/igor/.m2/repository/org/hamcrest/hamcrest-core/2.2/hamcrest-core-2.2.jar:/home/igor/.m2/repository/org/openjfx/javafx-controls/18-ea+8/javafx-controls-18-ea+8.jar:/home/igor/.m2/repository/org/openjfx/javafx-controls/18-ea+8/javafx-controls-18-ea+8-linux.jar:/home/igor/.m2/repository/org/openjfx/javafx-graphics/18-ea+8/javafx-graphics-18-ea+8.jar:/home/igor/.m2/repository/org/openjfx/javafx-graphics/18-ea+8/javafx-graphics-18-ea+8-linux.jar:/home/igor/.m2/repository/org/openjfx/javafx-base/18-ea+8/javafx-base-18-ea+8.jar:/home/igor/.m2/repository/org/openjfx/javafx-base/18-ea+8/javafx-base-18-ea+8-linux.jar:/home/igor/.m2/repository/org/openjfx/javafx-fxml/18-ea+8/javafx-fxml-18-ea+8.jar:/home/igor/.m2/repository/org/openjfx/javafx-fxml/18-ea+8/javafx-fxml-18-ea+8-linux.jar:/home/igor/.m2/repository/org/json/json/20190722/json-20190722.jar:/home/igor/.m2/repository/org/springframework/boot/spring-boot-starter-data-jpa/2.6.2/spring-boot-starter-data-jpa-2.6.2.jar:/home/igor/.m2/repository/org/springframework/boot/spring-boot-starter-aop/2.6.2/spring-boot-starter-aop-2.6.2.jar:/home/igor/.m2/repository/org/springframework/spring-aop/5.3.14/spring-aop-5.3.14.jar:/home/igor/.m2/repository/org/aspectj/aspectjweaver/1.9.7/aspectjweaver-1.9.7.jar:/home/igor/.m2/repository/org/springframework/boot/spring-boot-starter-jdbc/2.6.2/spring-boot-starter-jdbc-2.6.2.jar:/home/igor/.m2/repository/com/zaxxer/HikariCP/4.0.3/HikariCP-4.0.3.jar:/home/igor/.m2/repository/org/springframework/spring-jdbc/5.3.14/spring-jdbc-5.3.14.jar:/home/igor/.m2/repository/jakarta/transaction/jakarta.transaction-api/1.3.3/jakarta.transaction-api-1.3.3.jar:/home/igor/.m2/repository/jakarta/persistence/jakarta.persistence-api/2.2.3/jakarta.persistence-api-2.2.3.jar:/home/igor/.m2/repository/org/hibernate/hibernate-core/5.6.3.Final/hibernate-core-5.6.3.Final.jar:/home/igor/.m2/repository/org/jboss/logging/jboss-logging/3.4.2.Final/jboss-logging-3.4.2.Final.jar:/home/igor/.m2/repository/antlr/antlr/2.7.7/antlr-2.7.7.jar:/home/igor/.m2/repository/org/jboss/jandex/2.2.3.Final/jandex-2.2.3.Final.jar:/home/igor/.m2/repository/com/fasterxml/classmate/1.5.1/classmate-1.5.1.jar:/home/igor/.m2/repository/org/hibernate/common/hibernate-commons-annotations/5.1.2.Final/hibernate-commons-annotations-5.1.2.Final.jar:/home/igor/.m2/repository/org/glassfish/jaxb/jaxb-runtime/2.3.5/jaxb-runtime-2.3.5.jar:/home/igor/.m2/repository/org/glassfish/jaxb/txw2/2.3.5/txw2-2.3.5.jar:/home/igor/.m2/repository/com/sun/istack/istack-commons-runtime/3.0.12/istack-commons-runtime-3.0.12.jar:/home/igor/.m2/repository/com/sun/activation/jakarta.activation/1.2.2/jakarta.activation-1.2.2.jar:/home/igor/.m2/repository/org/springframework/data/spring-data-jpa/2.6.0/spring-data-jpa-2.6.0.jar:/home/igor/.m2/repository/org/springframework/data/spring-data-commons/2.6.0/spring-data-commons-2.6.0.jar:/home/igor/.m2/repository/org/springframework/spring-orm/5.3.14/spring-orm-5.3.14.jar:/home/igor/.m2/repository/org/springframework/spring-context/5.3.14/spring-context-5.3.14.jar:/home/igor/.m2/repository/org/springframework/spring-expression/5.3.14/spring-expression-5.3.14.jar:/home/igor/.m2/repository/org/springframework/spring-tx/5.3.14/spring-tx-5.3.14.jar:/home/igor/.m2/repository/org/springframework/spring-beans/5.3.14/spring-beans-5.3.14.jar:/home/igor/.m2/repository/org/slf4j/slf4j-api/1.7.32/slf4j-api-1.7.32.jar:/home/igor/.m2/repository/org/springframework/spring-aspects/5.3.14/spring-aspects-5.3.14.jar:/home/igor/.m2/repository/com/h2database/h2/1.4.200/h2-1.4.200.jar:/home/igor/.m2/repository/org/springframework/boot/spring-boot-starter-test/2.6.2/spring-boot-starter-test-2.6.2.jar:/home/igor/.m2/repository/org/springframework/boot/spring-boot-starter/2.6.2/spring-boot-starter-2.6.2.jar:/home/igor/.m2/repository/org/springframework/boot/spring-boot/2.6.2/spring-boot-2.6.2.jar:/home/igor/.m2/repository/org/springframework/boot/spring-boot-autoconfigure/2.6.2/spring-boot-autoconfigure-2.6.2.jar:/home/igor/.m2/repository/org/springframework/boot/spring-boot-starter-logging/2.6.2/spring-boot-starter-logging-2.6.2.jar:/home/igor/.m2/repository/ch/qos/logback/logback-classic/1.2.9/logback-classic-1.2.9.jar:/home/igor/.m2/repository/ch/qos/logback/logback-core/1.2.9/logback-core-1.2.9.jar:/home/igor/.m2/repository/org/apache/logging/log4j/log4j-to-slf4j/2.17.0/log4j-to-slf4j-2.17.0.jar:/home/igor/.m2/repository/org/apache/logging/log4j/log4j-api/2.17.0/log4j-api-2.17.0.jar:/home/igor/.m2/repository/org/slf4j/jul-to-slf4j/1.7.32/jul-to-slf4j-1.7.32.jar:/home/igor/.m2/repository/jakarta/annotation/jakarta.annotation-api/1.3.5/jakarta.annotation-api-1.3.5.jar:/home/igor/.m2/repository/org/yaml/snakeyaml/1.29/snakeyaml-1.29.jar:/home/igor/.m2/repository/org/springframework/boot/spring-boot-test/2.6.2/spring-boot-test-2.6.2.jar:/home/igor/.m2/repository/org/springframework/boot/spring-boot-test-autoconfigure/2.6.2/spring-boot-test-autoconfigure-2.6.2.jar:/home/igor/.m2/repository/com/jayway/jsonpath/json-path/2.6.0/json-path-2.6.0.jar:/home/igor/.m2/repository/net/minidev/json-smart/2.4.7/json-smart-2.4.7.jar:/home/igor/.m2/repository/net/minidev/accessors-smart/2.4.7/accessors-smart-2.4.7.jar:/home/igor/.m2/repository/org/ow2/asm/asm/9.1/asm-9.1.jar:/home/igor/.m2/repository/jakarta/xml/bind/jakarta.xml.bind-api/2.3.3/jakarta.xml.bind-api-2.3.3.jar:/home/igor/.m2/repository/jakarta/activation/jakarta.activation-api/1.2.2/jakarta.activation-api-1.2.2.jar:/home/igor/.m2/repository/org/assertj/assertj-core/3.21.0/assertj-core-3.21.0.jar:/home/igor/.m2/repository/org/hamcrest/hamcrest/2.2/hamcrest-2.2.jar:/home/igor/.m2/repository/org/mockito/mockito-junit-jupiter/4.0.0/mockito-junit-jupiter-4.0.0.jar:/home/igor/.m2/repository/org/skyscreamer/jsonassert/1.5.0/jsonassert-1.5.0.jar:/home/igor/.m2/repository/com/vaadin/external/google/android-json/0.0.20131108.vaadin1/android-json-0.0.20131108.vaadin1.jar:/home/igor/.m2/repository/org/springframework/spring-core/5.3.14/spring-core-5.3.14.jar:/home/igor/.m2/repository/org/springframework/spring-jcl/5.3.14/spring-jcl-5.3.14.jar:/home/igor/.m2/repository/org/springframework/spring-test/5.3.14/spring-test-5.3.14.jar:/home/igor/.m2/repository/org/xmlunit/xmlunit-core/2.8.4/xmlunit-core-2.8.4.jar:/home/igor/.m2/repository/org/projectlombok/lombok/1.18.22/lombok-1.18.22.jar:/home/igor/.m2/repository/mysql/mysql-connector-java/8.0.28/mysql-connector-java-8.0.28.jar:"/>
    <property name="java.vm.vendor" value="Private Build"/>
    <property name="sun.arch.data.model" value="64"/>
    <property name="java.vendor.url" value="Unknown"/>
    <property name="os.name" value="Linux"/>
    <property name="java.vm.specification.version" value="17"/>
    <property name="sun.java.launcher" value="SUN_STANDARD"/>
    <property name="user.country" value="US"/>
    <property name="sun.boot.library.path" value="/usr/lib/jvm/java-17-openjdk-amd64/lib"/>
    <property name="sun.java.command" value="/home/igor/Documents/GitHub/Technologia_Progreamowania-Warcaby/server/target/surefire/surefirebooter621872605886888164.jar /home/igor/Documents/GitHub/Technologia_Progreamowania-Warcaby/server/target/surefire 2022-12-21T20-23-04_763-jvmRun1 surefire11846766667900196916tmp surefire_016551094787975174353tmp"/>
    <property name="jdk.debug" value="release"/>
    <property name="surefire.test.class.path" value="/home/igor/Documents/GitHub/Technologia_Progreamowania-Warcaby/server/target/test-classes:/home/igor/Documents/GitHub/Technologia_Progreamowania-Warcaby/server/target/classes:/home/igor/.m2/repository/org/junit/jupiter/junit-jupiter/5.8.2/junit-jupiter-5.8.2.jar:/home/igor/.m2/repository/org/junit/jupiter/junit-jupiter-api/5.8.2/junit-jupiter-api-5.8.2.jar:/home/igor/.m2/repository/org/opentest4j/opentest4j/1.2.0/opentest4j-1.2.0.jar:/home/igor/.m2/repository/org/junit/platform/junit-platform-commons/1.8.2/junit-platform-commons-1.8.2.jar:/home/igor/.m2/repository/org/apiguardian/apiguardian-api/1.1.2/apiguardian-api-1.1.2.jar:/home/igor/.m2/repository/org/junit/jupiter/junit-jupiter-params/5.8.2/junit-jupiter-params-5.8.2.jar:/home/igor/.m2/repository/org/junit/jupiter/junit-jupiter-engine/5.8.2/junit-jupiter-engine-5.8.2.jar:/home/igor/.m2/repository/org/junit/platform/junit-platform-engine/1.8.2/junit-platform-engine-1.8.2.jar:/home/igor/.m2/repository/org/testfx/testfx-junit5/4.0.16-alpha/testfx-junit5-4.0.16-alpha.jar:/home/igor/.m2/repository/org/testfx/testfx-core/4.0.16-alpha/testfx-core-4.0.16-alpha.jar:/home/igor/.m2/repository/org/mockito/mockito-core/4.2.0/mockito-core-4.2.0.jar:/home/igor/.m2/repository/net/bytebuddy/byte-buddy/1.11.22/byte-buddy-1.11.22.jar:/home/igor/.m2/repository/net/bytebuddy/byte-buddy-agent/1.11.22/byte-buddy-agent-1.11.22.jar:/home/igor/.m2/repository/org/objenesis/objenesis/3.2/objenesis-3.2.jar:/home/igor/.m2/repository/junit/junit/4.12/junit-4.12.jar:/home/igor/.m2/repository/org/hamcrest/hamcrest-core/2.2/hamcrest-core-2.2.jar:/home/igor/.m2/repository/org/openjfx/javafx-controls/18-ea+8/javafx-controls-18-ea+8.jar:/home/igor/.m2/repository/org/openjfx/javafx-controls/18-ea+8/javafx-controls-18-ea+8-linux.jar:/home/igor/.m2/repository/org/openjfx/javafx-graphics/18-ea+8/javafx-graphics-18-ea+8.jar:/home/igor/.m2/repository/org/openjfx/javafx-graphics/18-ea+8/javafx-graphics-18-ea+8-linux.jar:/home/igor/.m2/repository/org/openjfx/javafx-base/18-ea+8/javafx-base-18-ea+8.jar:/home/igor/.m2/repository/org/openjfx/javafx-base/18-ea+8/javafx-base-18-ea+8-linux.jar:/home/igor/.m2/repository/org/openjfx/javafx-fxml/18-ea+8/javafx-fxml-18-ea+8.jar:/home/igor/.m2/repository/org/openjfx/javafx-fxml/18-ea+8/javafx-fxml-18-ea+8-linux.jar:/home/igor/.m2/repository/org/json/json/20190722/json-20190722.jar:/home/igor/.m2/repository/org/springframework/boot/spring-boot-starter-data-jpa/2.6.2/spring-boot-starter-data-jpa-2.6.2.jar:/home/igor/.m2/repository/org/springframework/boot/spring-boot-starter-aop/2.6.2/spring-boot-starter-aop-2.6.2.jar:/home/igor/.m2/repository/org/springframework/spring-aop/5.3.14/spring-aop-5.3.14.jar:/home/igor/.m2/repository/org/aspectj/aspectjweaver/1.9.7/aspectjweaver-1.9.7.jar:/home/igor/.m2/repository/org/springframework/boot/spring-boot-starter-jdbc/2.6.2/spring-boot-starter-jdbc-2.6.2.jar:/home/igor/.m2/repository/com/zaxxer/HikariCP/4.0.3/HikariCP-4.0.3.jar:/home/igor/.m2/repository/org/springframework/spring-jdbc/5.3.14/spring-jdbc-5.3.14.jar:/home/igor/.m2/repository/jakarta/transaction/jakarta.transaction-api/1.3.3/jakarta.transaction-api-1.3.3.jar:/home/igor/.m2/repository/jakarta/persistence/jakarta.persistence-api/2.2.3/jakarta.persistence-api-2.2.3.jar:/home/igor/.m2/repository/org/hibernate/hibernate-core/5.6.3.Final/hibernate-core-5.6.3.Final.jar:/home/igor/.m2/repository/org/jboss/logging/jboss-logging/3.4.2.Final/jboss-logging-3.4.2.Final.jar:/home/igor/.m2/repository/antlr/antlr/2.7.7/antlr-2.7.7.jar:/home/igor/.m2/repository/org/jboss/jandex/2.2.3.Final/jandex-2.2.3.Final.jar:/home/igor/.m2/repository/com/fasterxml/classmate/1.5.1/classmate-1.5.1.jar:/home/igor/.m2/repository/org/hibernate/common/hibernate-commons-annotations/5.1.2.Final/hibernate-commons-annotations-5.1.2.Final.jar:/home/igor/.m2/repository/org/glassfish/jaxb/jaxb-runtime/2.3.5/jaxb-runtime-2.3.5.jar:/home/igor/.m2/repository/org/glassfish/jaxb/txw2/2.3.5/txw2-2.3.5.jar:/home/igor/.m2/repository/com/sun/istack/istack-commons-runtime/3.0.12/istack-commons-runtime-3.0.12.jar:/home/igor/.m2/repository/com/sun/activation/jakarta.activation/1.2.2/jakarta.activation-1.2.2.jar:/home/igor/.m2/repository/org/springframework/data/spring-data-jpa/2.6.0/spring-data-jpa-2.6.0.jar:/home/igor/.m2/repository/org/springframework/data/spring-data-commons/2.6.0/spring-data-commons-2.6.0.jar:/home/igor/.m2/repository/org/springframework/spring-orm/5.3.14/spring-orm-5.3.14.jar:/home/igor/.m2/repository/org/springframework/spring-context/5.3.14/spring-context-5.3.14.jar:/home/igor/.m2/repository/org/springframework/spring-expression/5.3.14/spring-expression-5.3.14.jar:/home/igor/.m2/repository/org/springframework/spring-tx/5.3.14/spring-tx-5.3.14.jar:/home/igor/.m2/repository/org/springframework/spring-beans/5.3.14/spring-beans-5.3.14.jar:/home/igor/.m2/repository/org/slf4j/slf4j-api/1.7.32/slf4j-api-1.7.32.jar:/home/igor/.m2/repository/org/springframework/spring-aspects/5.3.14/spring-aspects-5.3.14.jar:/home/igor/.m2/repository/com/h2database/h2/1.4.200/h2-1.4.200.jar:/home/igor/.m2/repository/org/springframework/boot/spring-boot-starter-test/2.6.2/spring-boot-starter-test-2.6.2.jar:/home/igor/.m2/repository/org/springframework/boot/spring-boot-starter/2.6.2/spring-boot-starter-2.6.2.jar:/home/igor/.m2/repository/org/springframework/boot/spring-boot/2.6.2/spring-boot-2.6.2.jar:/home/igor/.m2/repository/org/springframework/boot/spring-boot-autoconfigure/2.6.2/spring-boot-autoconfigure-2.6.2.jar:/home/igor/.m2/repository/org/springframework/boot/spring-boot-starter-logging/2.6.2/spring-boot-starter-logging-2.6.2.jar:/home/igor/.m2/repository/ch/qos/logback/logback-classic/1.2.9/logback-classic-1.2.9.jar:/home/igor/.m2/repository/ch/qos/logback/logback-core/1.2.9/logback-core-1.2.9.jar:/home/igor/.m2/repository/org/apache/logging/log4j/log4j-to-slf4j/2.17.0/log4j-to-slf4j-2.17.0.jar:/home/igor/.m2/repository/org/apache/logging/log4j/log4j-api/2.17.0/log4j-api-2.17.0.jar:/home/igor/.m2/repository/org/slf4j/jul-to-slf4j/1.7.32/jul-to-slf4j-1.7.32.jar:/home/igor/.m2/repository/jakarta/annotation/jakarta.annotation-api/1.3.5/jakarta.annotation-api-1.3.5.jar:/home/igor/.m2/repository/org/yaml/snakeyaml/1.29/snakeyaml-1.29.jar:/home/igor/.m2/repository/org/springframework/boot/spring-boot-test/2.6.2/spring-boot-test-2.6.2.jar:/home/igor/.m2/repository/org/springframework/boot/spring-boot-test-autoconfigure/2.6.2/spring-boot-test-autoconfigure-2.6.2.jar:/home/igor/.m2/repository/com/jayway/jsonpath/json-path/2.6.0/json-path-2.6.0.jar:/home/igor/.m2/repository/net/minidev/json-smart/2.4.7/json-smart-2.4.7.jar:/home/igor/.m2/repository/net/minidev/accessors-smart/2.4.7/accessors-smart-2.4.7.jar:/home/igor/.m2/repository/org/ow2/asm/asm/9.1/asm-9.1.jar:/home/igor/.m2/repository/jakarta/xml/bind/jakarta.xml.bind-api/2.3.3/jakarta.xml.bind-api-2.3.3.jar:/home/igor/.m2/repository/jakarta/activation/jakarta.activation-api/1.2.2/jakarta.activation-api-1.2.2.jar:/home/igor/.m2/repository/org/assertj/assertj-core/3.21.0/assertj-core-3.21.0.jar:/home/igor/.m2/repository/org/hamcrest/hamcrest/2.2/hamcrest-2.2.jar:/home/igor/.m2/repository/org/mockito/mockito-junit-jupiter/4.0.0/mockito-junit-jupiter-4.0.0.jar:/home/igor/.m2/repository/org/skyscreamer/jsonassert/1.5.0/jsonassert-1.5.0.jar:/home/igor/.m2/repository/com/vaadin/external/google/android-json/0.0.20131108.vaadin1/android-json-0.0.20131108.vaadin1.jar:/home/igor/.m2/repository/org/springframework/spring-core/5.3.14/spring-core-5.3.14.jar:/home/igor/.m2/repository/org/springframework/spring-jcl/5.3.14/spring-jcl-5.3.14.jar:/home/igor/.m2/repository/org/springframework/spring-test/5.3.14/spring-test-5.3.14.jar:/home/igor/.m2/repository/org/xmlunit/xmlunit-core/2.8.4/xmlunit-core-2.8.4.jar:/home/igor/.m2/repository/org/projectlombok/lombok/1.18.22/lombok-1.18.22.jar:/home/igor/.m2/repository/mysql/mysql-connector-java/8.0.28/mysql-connector-java-8.0.28.jar:"/>
    <property name="sun.cpu.endian" value="little"/>
    <property name="user.home" value="/home/igor"/>
    <property name="user.language" value="en"/>
    <property name="java.specification.vendor" value="Oracle Corporation"/>
    <property name="java.version.date" value="2022-10-18"/>
    <property name="java.home" value="/usr/lib/jvm/java-17-openjdk-amd64"/>
    <property name="file.separator" value="/"/>
    <property name="basedir" value="/home/igor/Documents/GitHub/Technologia_Progreamowania-Warcaby/server"/>
    <property name="java.vm.compressedOopsMode" value="Zero based"/>
    <property name="line.separator" value="&#10;"/>
    <property name="java.vm.specification.vendor" value="Oracle Corporation"/>
    <property name="java.specification.name" value="Java Platform API Specification"/>
    <property name="surefire.real.class.path" value="/home/igor/Documents/GitHub/Technologia_Progreamowania-Warcaby/server/target/surefire/surefirebooter621872605886888164.jar"/>
    <property name="sun.management.compiler" value="HotSpot 64-Bit Tiered Compilers"/>
    <property name="java.runtime.version" value="17.0.5+8-Ubuntu-2ubuntu122.04"/>
    <property name="user.name" value="igor"/>
    <property name="path.separator" value=":"/>
    <property name="os.version" value="5.15.0-56-generic"/>
    <property name="java.runtime.name" value="OpenJDK Runtime Environment"/>
    <property name="file.encoding" value="UTF-8"/>
    <property name="java.vm.name" value="OpenJDK 64-Bit Server VM"/>
    <property name="localRepository" value="/home/igor/.m2/repository"/>
    <property name="java.vendor.url.bug" value="Unknown"/>
    <property name="java.io.tmpdir" value="/tmp"/>
    <property name="java.version" value="17.0.5"/>
    <property name="user.dir" value="/home/igor/Documents/GitHub/Technologia_Progreamowania-Warcaby/server"/>
    <property name="os.arch" value="amd64"/>
    <property name="java.vm.specification.name" value="Java Virtual Machine Specification"/>
    <property name="native.encoding" value="UTF-8"/>
    <property name="java.library.path" value="/usr/java/packages/lib:/usr/lib/x86_64-linux-gnu/jni:/lib/x86_64-linux-gnu:/usr/lib/x86_64-linux-gnu:/usr/lib/jni:/lib:/usr/lib"/>
    <property name="java.vm.info" value="mixed mode, sharing"/>
    <property name="java.vendor" value="Private Build"/>
    <property name="java.vm.version" value="17.0.5+8-Ubuntu-2ubuntu122.04"/>
    <property name="sun.io.unicode.encoding" value="UnicodeLittle"/>
    <property name="java.class.version" value="61.0"/>
  </properties>
  <testcase name="appendTest" classname="com.lab1.ControllerTest" time="3.182">
    <error message="java.util.concurrent.ExecutionException: java.lang.reflect.InvocationTargetException" type="java.lang.RuntimeException">java.lang.RuntimeException: java.util.concurrent.ExecutionException: java.lang.reflect.InvocationTargetException
	at com.lab1.ControllerTest.onStart(ControllerTest.java:30)
</error>
    <system-err><![CDATA[Dec 21, 2022 8:23:10 PM com.sun.javafx.application.PlatformImpl startup
WARNING: Unsupported JavaFX configuration: classes were loaded from 'unnamed module @62bd2070'
--- Exception in Async Thread ---
java.lang.reflect.InvocationTargetException: null
	java.base/jdk.internal.reflect.NativeMethodAccessorImpl.invoke0(Native Method)
	java.base/jdk.internal.reflect.NativeMethodAccessorImpl.invoke(NativeMethodAccessorImpl.java:77)
	java.base/jdk.internal.reflect.DelegatingMethodAccessorImpl.invoke(DelegatingMethodAccessorImpl.java:43)
	java.base/java.lang.reflect.Method.invoke(Method.java:568)
	org.testfx.framework.junit5.ApplicationExtension$AnnotationBasedApplicationFixture.start(ApplicationExtension.java:158)
	org.testfx.framework.junit5.ApplicationAdapter.start(ApplicationAdapter.java:37)
	org.testfx.toolkit.impl.ApplicationServiceImpl.lambda$start$0(ApplicationServiceImpl.java:49)
	java.base/java.util.concurrent.FutureTask.run(FutureTask.java:264)
	com.sun.javafx.application.PlatformImpl.lambda$runLater$10(PlatformImpl.java:457)
	java.base/java.security.AccessController.doPrivileged(AccessController.java:399)
	com.sun.javafx.application.PlatformImpl.lambda$runLater$11(PlatformImpl.java:456)
	com.sun.glass.ui.InvokeLaterDispatcher$Future.run(InvokeLaterDispatcher.java:96)
	com.sun.glass.ui.gtk.GtkApplication._runLoop(Native Method)
	com.sun.glass.ui.gtk.GtkApplication.lambda$runLoop$11(GtkApplication.java:290)
	java.base/java.lang.Thread.run(Thread.java:833)
java.io.FileNotFoundException: /home/igor/Documents/GitHub/Technologia_Progreamowania-Warcaby/server/src\main\java\com\views\Terminal.fxml (No such file or directory)
	java.base/java.io.FileInputStream.open0(Native Method)
	java.base/java.io.FileInputStream.open(FileInputStream.java:216)
	java.base/java.io.FileInputStream.<init>(FileInputStream.java:157)
	java.base/java.io.FileInputStream.<init>(FileInputStream.java:111)
	java.base/sun.net.www.protocol.file.FileURLConnection.connect(FileURLConnection.java:86)
	java.base/sun.net.www.protocol.file.FileURLConnection.getInputStream(FileURLConnection.java:189)
	java.base/java.net.URL.openStream(URL.java:1161)
	javafx.fxml.FXMLLoader.loadImpl(FXMLLoader.java:2547)
	javafx.fxml.FXMLLoader.loadImpl(FXMLLoader.java:3331)
	javafx.fxml.FXMLLoader.loadImpl(FXMLLoader.java:3287)
	javafx.fxml.FXMLLoader.loadImpl(FXMLLoader.java:3255)
	javafx.fxml.FXMLLoader.loadImpl(FXMLLoader.java:3227)
	javafx.fxml.FXMLLoader.loadImpl(FXMLLoader.java:3203)
	javafx.fxml.FXMLLoader.load(FXMLLoader.java:3196)
	com.lab1.ControllerTest.onStart(ControllerTest.java:30)
	java.base/jdk.internal.reflect.NativeMethodAccessorImpl.invoke0(Native Method)
	java.base/jdk.internal.reflect.NativeMethodAccessorImpl.invoke(NativeMethodAccessorImpl.java:77)
	java.base/jdk.internal.reflect.DelegatingMethodAccessorImpl.invoke(DelegatingMethodAccessorImpl.java:43)
	java.base/java.lang.reflect.Method.invoke(Method.java:568)
	org.testfx.framework.junit5.ApplicationExtension$AnnotationBasedApplicationFixture.start(ApplicationExtension.java:158)
	org.testfx.framework.junit5.ApplicationAdapter.start(ApplicationAdapter.java:37)
	org.testfx.toolkit.impl.ApplicationServiceImpl.lambda$start$0(ApplicationServiceImpl.java:49)
	java.base/java.util.concurrent.FutureTask.run(FutureTask.java:264)
	com.sun.javafx.application.PlatformImpl.lambda$runLater$10(PlatformImpl.java:457)
	java.base/java.security.AccessController.doPrivileged(AccessController.java:399)
	com.sun.javafx.application.PlatformImpl.lambda$runLater$11(PlatformImpl.java:456)
	com.sun.glass.ui.InvokeLaterDispatcher$Future.run(InvokeLaterDispatcher.java:96)
	com.sun.glass.ui.gtk.GtkApplication._runLoop(Native Method)
	com.sun.glass.ui.gtk.GtkApplication.lambda$runLoop$11(GtkApplication.java:290)
	java.base/java.lang.Thread.run(Thread.java:833)
--- Trace of caller of unhandled exception in Async Thread ---
	java.base/java.lang.Thread.getStackTrace(Thread.java:1610)
	org.testfx.util.WaitForAsyncUtils$ASyncFXCallable.<init>(WaitForAsyncUtils.java:649)
	org.testfx.util.WaitForAsyncUtils.asyncFx(WaitForAsyncUtils.java:257)
	org.testfx.toolkit.impl.ApplicationServiceImpl.start(ApplicationServiceImpl.java:48)
	org.testfx.toolkit.impl.ToolkitServiceImpl.lambda$setupApplication$6(ToolkitServiceImpl.java:127)
	java.base/java.util.concurrent.FutureTask.run(FutureTask.java:264)
	java.base/java.util.concurrent.Executors$RunnableAdapter.call(Executors.java:539)
	java.base/java.util.concurrent.FutureTask.run(FutureTask.java:264)
	java.base/java.util.concurrent.ThreadPoolExecutor.runWorker(ThreadPoolExecutor.java:1136)
	java.base/java.util.concurrent.ThreadPoolExecutor$Worker.run(ThreadPoolExecutor.java:635)
	java.base/java.lang.Thread.run(Thread.java:833)

--- Exception in Async Thread ---
java.util.concurrent.ExecutionException: java.lang.reflect.InvocationTargetException
	java.base/java.util.concurrent.FutureTask.report(FutureTask.java:122)
	java.base/java.util.concurrent.FutureTask.get(FutureTask.java:191)
	org.testfx.util.WaitForAsyncUtils$ASyncFXCallable.get(WaitForAsyncUtils.java:696)
	org.testfx.toolkit.impl.ToolkitServiceImpl.lambda$setupApplication$6(ToolkitServiceImpl.java:127)
	java.base/java.util.concurrent.FutureTask.run(FutureTask.java:264)
	java.base/java.util.concurrent.Executors$RunnableAdapter.call(Executors.java:539)
	java.base/java.util.concurrent.FutureTask.run(FutureTask.java:264)
	java.base/java.util.concurrent.ThreadPoolExecutor.runWorker(ThreadPoolExecutor.java:1136)
	java.base/java.util.concurrent.ThreadPoolExecutor$Worker.run(ThreadPoolExecutor.java:635)
	java.base/java.lang.Thread.run(Thread.java:833)
java.lang.reflect.InvocationTargetException: null
	java.base/jdk.internal.reflect.NativeMethodAccessorImpl.invoke0(Native Method)
	java.base/jdk.internal.reflect.NativeMethodAccessorImpl.invoke(NativeMethodAccessorImpl.java:77)
	java.base/jdk.internal.reflect.DelegatingMethodAccessorImpl.invoke(DelegatingMethodAccessorImpl.java:43)
	java.base/java.lang.reflect.Method.invoke(Method.java:568)
	org.testfx.framework.junit5.ApplicationExtension$AnnotationBasedApplicationFixture.start(ApplicationExtension.java:158)
	org.testfx.framework.junit5.ApplicationAdapter.start(ApplicationAdapter.java:37)
	org.testfx.toolkit.impl.ApplicationServiceImpl.lambda$start$0(ApplicationServiceImpl.java:49)
	java.base/java.util.concurrent.FutureTask.run(FutureTask.java:264)
	com.sun.javafx.application.PlatformImpl.lambda$runLater$10(PlatformImpl.java:457)
	java.base/java.security.AccessController.doPrivileged(AccessController.java:399)
	com.sun.javafx.application.PlatformImpl.lambda$runLater$11(PlatformImpl.java:456)
	com.sun.glass.ui.InvokeLaterDispatcher$Future.run(InvokeLaterDispatcher.java:96)
	com.sun.glass.ui.gtk.GtkApplication._runLoop(Native Method)
	com.sun.glass.ui.gtk.GtkApplication.lambda$runLoop$11(GtkApplication.java:290)
	java.base/java.lang.Thread.run(Thread.java:833)
java.io.FileNotFoundException: /home/igor/Documents/GitHub/Technologia_Progreamowania-Warcaby/server/src\main\java\com\views\Terminal.fxml (No such file or directory)
	java.base/java.io.FileInputStream.open0(Native Method)
	java.base/java.io.FileInputStream.open(FileInputStream.java:216)
	java.base/java.io.FileInputStream.<init>(FileInputStream.java:157)
	java.base/java.io.FileInputStream.<init>(FileInputStream.java:111)
	java.base/sun.net.www.protocol.file.FileURLConnection.connect(FileURLConnection.java:86)
	java.base/sun.net.www.protocol.file.FileURLConnection.getInputStream(FileURLConnection.java:189)
	java.base/java.net.URL.openStream(URL.java:1161)
	javafx.fxml.FXMLLoader.loadImpl(FXMLLoader.java:2547)
	javafx.fxml.FXMLLoader.loadImpl(FXMLLoader.java:3331)
	javafx.fxml.FXMLLoader.loadImpl(FXMLLoader.java:3287)
	javafx.fxml.FXMLLoader.loadImpl(FXMLLoader.java:3255)
	javafx.fxml.FXMLLoader.loadImpl(FXMLLoader.java:3227)
	javafx.fxml.FXMLLoader.loadImpl(FXMLLoader.java:3203)
	javafx.fxml.FXMLLoader.load(FXMLLoader.java:3196)
	com.lab1.ControllerTest.onStart(ControllerTest.java:30)
	java.base/jdk.internal.reflect.NativeMethodAccessorImpl.invoke0(Native Method)
	java.base/jdk.internal.reflect.NativeMethodAccessorImpl.invoke(NativeMethodAccessorImpl.java:77)
	java.base/jdk.internal.reflect.DelegatingMethodAccessorImpl.invoke(DelegatingMethodAccessorImpl.java:43)
	java.base/java.lang.reflect.Method.invoke(Method.java:568)
	org.testfx.framework.junit5.ApplicationExtension$AnnotationBasedApplicationFixture.start(ApplicationExtension.java:158)
	org.testfx.framework.junit5.ApplicationAdapter.start(ApplicationAdapter.java:37)
	org.testfx.toolkit.impl.ApplicationServiceImpl.lambda$start$0(ApplicationServiceImpl.java:49)
	java.base/java.util.concurrent.FutureTask.run(FutureTask.java:264)
	com.sun.javafx.application.PlatformImpl.lambda$runLater$10(PlatformImpl.java:457)
	java.base/java.security.AccessController.doPrivileged(AccessController.java:399)
	com.sun.javafx.application.PlatformImpl.lambda$runLater$11(PlatformImpl.java:456)
	com.sun.glass.ui.InvokeLaterDispatcher$Future.run(InvokeLaterDispatcher.java:96)
	com.sun.glass.ui.gtk.GtkApplication._runLoop(Native Method)
	com.sun.glass.ui.gtk.GtkApplication.lambda$runLoop$11(GtkApplication.java:290)
	java.base/java.lang.Thread.run(Thread.java:833)
--- Trace of caller of unhandled exception in Async Thread ---
	java.base/java.lang.Thread.getStackTrace(Thread.java:1610)
	org.testfx.util.WaitForAsyncUtils$ASyncFXCallable.<init>(WaitForAsyncUtils.java:649)
	org.testfx.util.WaitForAsyncUtils.async(WaitForAsyncUtils.java:192)
	org.testfx.toolkit.impl.ToolkitServiceImpl.setupApplication(ToolkitServiceImpl.java:123)
	org.testfx.api.FxToolkit.setupApplication(FxToolkit.java:153)
	org.testfx.framework.junit5.ApplicationExtension.beforeEach(ApplicationExtension.java:85)
	org.junit.jupiter.engine.descriptor.TestMethodTestDescriptor.lambda$invokeBeforeEachCallbacks$2(TestMethodTestDescriptor.java:163)
	org.junit.jupiter.engine.descriptor.TestMethodTestDescriptor.lambda$invokeBeforeMethodsOrCallbacksUntilExceptionOccurs$6(TestMethodTestDescriptor.java:199)
	org.junit.platform.engine.support.hierarchical.ThrowableCollector.execute(ThrowableCollector.java:73)
	org.junit.jupiter.engine.descriptor.TestMethodTestDescriptor.invokeBeforeMethodsOrCallbacksUntilExceptionOccurs(TestMethodTestDescriptor.java:199)
	org.junit.jupiter.engine.descriptor.TestMethodTestDescriptor.invokeBeforeEachCallbacks(TestMethodTestDescriptor.java:162)
	org.junit.jupiter.engine.descriptor.TestMethodTestDescriptor.execute(TestMethodTestDescriptor.java:129)
	org.junit.jupiter.engine.descriptor.TestMethodTestDescriptor.execute(TestMethodTestDescriptor.java:66)
	org.junit.platform.engine.support.hierarchical.NodeTestTask.lambda$executeRecursively$6(NodeTestTask.java:151)
	org.junit.platform.engine.support.hierarchical.ThrowableCollector.execute(ThrowableCollector.java:73)
	org.junit.platform.engine.support.hierarchical.NodeTestTask.lambda$executeRecursively$8(NodeTestTask.java:141)
	org.junit.platform.engine.support.hierarchical.Node.around(Node.java:137)
	org.junit.platform.engine.support.hierarchical.NodeTestTask.lambda$executeRecursively$9(NodeTestTask.java:139)
	org.junit.platform.engine.support.hierarchical.ThrowableCollector.execute(ThrowableCollector.java:73)
	org.junit.platform.engine.support.hierarchical.NodeTestTask.executeRecursively(NodeTestTask.java:138)
	org.junit.platform.engine.support.hierarchical.NodeTestTask.execute(NodeTestTask.java:95)
	java.base/java.util.ArrayList.forEach(ArrayList.java:1511)
	org.junit.platform.engine.support.hierarchical.SameThreadHierarchicalTestExecutorService.invokeAll(SameThreadHierarchicalTestExecutorService.java:41)
	org.junit.platform.engine.support.hierarchical.NodeTestTask.lambda$executeRecursively$6(NodeTestTask.java:155)
	org.junit.platform.engine.support.hierarchical.ThrowableCollector.execute(ThrowableCollector.java:73)
	org.junit.platform.engine.support.hierarchical.NodeTestTask.lambda$executeRecursively$8(NodeTestTask.java:141)
	org.junit.platform.engine.support.hierarchical.Node.around(Node.java:137)
	org.junit.platform.engine.support.hierarchical.NodeTestTask.lambda$executeRecursively$9(NodeTestTask.java:139)
	org.junit.platform.engine.support.hierarchical.ThrowableCollector.execute(ThrowableCollector.java:73)
	org.junit.platform.engine.support.hierarchical.NodeTestTask.executeRecursively(NodeTestTask.java:138)
	org.junit.platform.engine.support.hierarchical.NodeTestTask.execute(NodeTestTask.java:95)
	java.base/java.util.ArrayList.forEach(ArrayList.java:1511)
	org.junit.platform.engine.support.hierarchical.SameThreadHierarchicalTestExecutorService.invokeAll(SameThreadHierarchicalTestExecutorService.java:41)
	org.junit.platform.engine.support.hierarchical.NodeTestTask.lambda$executeRecursively$6(NodeTestTask.java:155)
	org.junit.platform.engine.support.hierarchical.ThrowableCollector.execute(ThrowableCollector.java:73)
	org.junit.platform.engine.support.hierarchical.NodeTestTask.lambda$executeRecursively$8(NodeTestTask.java:141)
	org.junit.platform.engine.support.hierarchical.Node.around(Node.java:137)
	org.junit.platform.engine.support.hierarchical.NodeTestTask.lambda$executeRecursively$9(NodeTestTask.java:139)
	org.junit.platform.engine.support.hierarchical.ThrowableCollector.execute(ThrowableCollector.java:73)
	org.junit.platform.engine.support.hierarchical.NodeTestTask.executeRecursively(NodeTestTask.java:138)
	org.junit.platform.engine.support.hierarchical.NodeTestTask.execute(NodeTestTask.java:95)
	org.junit.platform.engine.support.hierarchical.SameThreadHierarchicalTestExecutorService.submit(SameThreadHierarchicalTestExecutorService.java:35)
	org.junit.platform.engine.support.hierarchical.HierarchicalTestExecutor.execute(HierarchicalTestExecutor.java:57)
	org.junit.platform.engine.support.hierarchical.HierarchicalTestEngine.execute(HierarchicalTestEngine.java:54)
	org.junit.platform.launcher.core.DefaultLauncher.execute(DefaultLauncher.java:220)
	org.junit.platform.launcher.core.DefaultLauncher.lambda$execute$6(DefaultLauncher.java:188)
	org.junit.platform.launcher.core.DefaultLauncher.withInterceptedStreams(DefaultLauncher.java:202)
	org.junit.platform.launcher.core.DefaultLauncher.execute(DefaultLauncher.java:181)
	org.junit.platform.launcher.core.DefaultLauncher.execute(DefaultLauncher.java:128)
	org.apache.maven.surefire.junitplatform.JUnitPlatformProvider.invokeAllTests(JUnitPlatformProvider.java:142)
	org.apache.maven.surefire.junitplatform.JUnitPlatformProvider.invoke(JUnitPlatformProvider.java:117)
	org.apache.maven.surefire.booter.ForkedBooter.invokeProviderInSameClassLoader(ForkedBooter.java:384)
	org.apache.maven.surefire.booter.ForkedBooter.runSuitesInProcess(ForkedBooter.java:345)
	org.apache.maven.surefire.booter.ForkedBooter.execute(ForkedBooter.java:126)
	org.apache.maven.surefire.booter.ForkedBooter.main(ForkedBooter.java:418)

]]></system-err>
  </testcase>
</testsuite>